[     371ms] [WARNING] ⚠️ React Router Future Flag Warning: React Router will begin wrapping state updates in `React.startTransition` in v7. You can use the `v7_startTransition` future flag to opt-in early. For more information, see https://reactrouter.com/v6/upgrading/future#v7_starttransition. @ http://127.0.0.1:5175/node_modules/.vite/deps/react-router-dom.js?v=47aa2e9b:4434
[     371ms] [WARNING] ⚠️ React Router Future Flag Warning: Relative route resolution within Splat routes is changing in v7. You can use the `v7_relativeSplatPath` future flag to opt-in early. For more information, see https://reactrouter.com/v6/upgrading/future#v7_relativesplatpath. @ http://127.0.0.1:5175/node_modules/.vite/deps/react-router-dom.js?v=47aa2e9b:4434
[     433ms] [ERROR] Failed to load resource: the server responded with a status of 404 (Not Found) @ http://127.0.0.1:5175/favicon.ico:0
[    1778ms] [ERROR] Failed to load resource: the server responded with a status of 400 () @ https://zohtixrgskbzosgfluni.supabase.co/rest/v1/eg_players?select=id%2Cfirst_name%2Clast_name%2Cteam_id%2Cposition%2Cnumber%2Cheadshot_url%2Cphoto_url&limit=5000:0
[    1842ms] [ERROR] Failed to load resource: the server responded with a status of 400 () @ https://zohtixrgskbzosgfluni.supabase.co/rest/v1/eg_players?select=id%2Cfirst_name%2Clast_name%2Cteam_id%2Cposition%2Cnumber%2Cheadshot_url%2Cphoto_url&limit=5000:0
[    1883ms] [ERROR] Failed to load resource: the server responded with a status of 400 () @ https://zohtixrgskbzosgfluni.supabase.co/rest/v1/eg_players?select=id%2Cfirst_name%2Clast_name%2Cteam_id%2Cheadshot_url%2Cphoto_url&limit=5000:0
[    1910ms] [ERROR] Failed to load resource: the server responded with a status of 400 () @ https://zohtixrgskbzosgfluni.supabase.co/rest/v1/eg_players?select=id%2Cfirst_name%2Clast_name%2Cteam_id%2Cposition%2Cnumber%2Cheadshot_url%2Cphoto_url&limit=5000:0
[    1962ms] [ERROR] Failed to load resource: the server responded with a status of 400 () @ https://zohtixrgskbzosgfluni.supabase.co/rest/v1/eg_players?select=id%2Cfirst_name%2Clast_name%2Cteam_id%2Cheadshot_url%2Cphoto_url&limit=5000:0
[    1983ms] [ERROR] Failed to load resource: the server responded with a status of 400 () @ https://zohtixrgskbzosgfluni.supabase.co/rest/v1/eg_players?select=id%2Cfirst_name%2Clast_name%2Cteam_id%2Cposition%2Cnumber%2Cheadshot_url%2Cphoto_url&limit=5000:0
[    2032ms] [ERROR] Failed to load resource: the server responded with a status of 400 () @ https://zohtixrgskbzosgfluni.supabase.co/rest/v1/eg_players?select=id%2Cfirst_name%2Clast_name%2Cteam_id%2Cheadshot_url%2Cphoto_url&limit=5000:0
[    2049ms] [ERROR] Failed to load resource: the server responded with a status of 400 () @ https://zohtixrgskbzosgfluni.supabase.co/rest/v1/eg_players?select=id%2Cfirst_name%2Clast_name%2Cteam_id%2Cposition%2Cnumber%2Cheadshot_url%2Cphoto_url&limit=5000:0
[    2111ms] [ERROR] Failed to load resource: the server responded with a status of 400 () @ https://zohtixrgskbzosgfluni.supabase.co/rest/v1/eg_players?select=id%2Cfirst_name%2Clast_name%2Cteam_id%2Cposition%2Cnumber%2Cheadshot_url%2Cphoto_url&limit=5000:0
[    2122ms] [ERROR] Failed to load resource: the server responded with a status of 400 () @ https://zohtixrgskbzosgfluni.supabase.co/rest/v1/eg_players?select=id%2Cfirst_name%2Clast_name%2Cteam_id%2Cheadshot_url%2Cphoto_url&limit=5000:0
[    2188ms] [ERROR] Failed to load resource: the server responded with a status of 400 () @ https://zohtixrgskbzosgfluni.supabase.co/rest/v1/eg_players?select=id%2Cfirst_name%2Clast_name%2Cteam_id%2Cposition%2Cnumber%2Cheadshot_url%2Cphoto_url&limit=5000:0
[    2196ms] [ERROR] Failed to load resource: the server responded with a status of 400 () @ https://zohtixrgskbzosgfluni.supabase.co/rest/v1/eg_players?select=id%2Cfirst_name%2Clast_name%2Cteam_id%2Cheadshot_url%2Cphoto_url&limit=5000:0
[    2210ms] [ERROR] Failed to load resource: the server responded with a status of 400 () @ https://zohtixrgskbzosgfluni.supabase.co/rest/v1/eg_players?select=id%2Cfirst_name%2Clast_name%2Cposition%2Cnumber%2Cheadshot_url%2Cphoto_url&limit=5000:0
[    2251ms] [ERROR] Failed to load resource: the server responded with a status of 400 () @ https://zohtixrgskbzosgfluni.supabase.co/rest/v1/eg_players?select=id%2Cfirst_name%2Clast_name%2Cteam_id%2Cposition%2Cnumber%2Cheadshot_url%2Cphoto_url&limit=5000:0
[    2259ms] [ERROR] Failed to load resource: the server responded with a status of 400 () @ https://zohtixrgskbzosgfluni.supabase.co/rest/v1/eg_players?select=id%2Cfirst_name%2Clast_name%2Cteam_id%2Cheadshot_url%2Cphoto_url&limit=5000:0
[    2271ms] [ERROR] Failed to load resource: the server responded with a status of 400 () @ https://zohtixrgskbzosgfluni.supabase.co/rest/v1/eg_players?select=id%2Cfirst_name%2Clast_name%2Cposition%2Cnumber%2Cheadshot_url%2Cphoto_url&limit=5000:0
[    2314ms] [ERROR] Failed to load resource: the server responded with a status of 400 () @ https://zohtixrgskbzosgfluni.supabase.co/rest/v1/eg_players?select=id%2Cfirst_name%2Clast_name%2Cheadshot_url%2Cphoto_url&limit=5000:0
[    2321ms] [ERROR] Failed to load resource: the server responded with a status of 400 () @ https://zohtixrgskbzosgfluni.supabase.co/rest/v1/eg_players?select=id%2Cfirst_name%2Clast_name%2Cteam_id%2Cposition%2Cnumber%2Cheadshot_url%2Cphoto_url&limit=5000:0
[    2326ms] [ERROR] Failed to load resource: the server responded with a status of 400 () @ https://zohtixrgskbzosgfluni.supabase.co/rest/v1/eg_players?select=id%2Cfirst_name%2Clast_name%2Cteam_id%2Cheadshot_url%2Cphoto_url&limit=5000:0
[    2334ms] [ERROR] Failed to load resource: the server responded with a status of 400 () @ https://zohtixrgskbzosgfluni.supabase.co/rest/v1/eg_players?select=id%2Cfirst_name%2Clast_name%2Cposition%2Cnumber%2Cheadshot_url%2Cphoto_url&limit=5000:0
[    2383ms] [ERROR] Failed to load resource: the server responded with a status of 400 () @ https://zohtixrgskbzosgfluni.supabase.co/rest/v1/eg_players?select=id%2Cfirst_name%2Clast_name%2Cheadshot_url%2Cphoto_url&limit=5000:0
[    2390ms] [ERROR] Failed to load resource: the server responded with a status of 400 () @ https://zohtixrgskbzosgfluni.supabase.co/rest/v1/eg_players?select=id%2Cfirst_name%2Clast_name%2Cteam_id%2Cheadshot_url%2Cphoto_url&limit=5000:0
[    2406ms] [ERROR] Failed to load resource: the server responded with a status of 400 () @ https://zohtixrgskbzosgfluni.supabase.co/rest/v1/eg_players?select=id%2Cfirst_name%2Clast_name%2Cteam_id%2Cposition%2Cnumber%2Cheadshot_url%2Cphoto_url&limit=5000:0
[    2406ms] [ERROR] Failed to load resource: the server responded with a status of 400 () @ https://zohtixrgskbzosgfluni.supabase.co/rest/v1/eg_players?select=id%2Cfirst_name%2Clast_name%2Cposition%2Cnumber%2Cheadshot_url%2Cphoto_url&limit=5000:0
[    2450ms] [ERROR] Failed to load resource: the server responded with a status of 400 () @ https://zohtixrgskbzosgfluni.supabase.co/rest/v1/eg_players?select=id%2Cfirst_name%2Clast_name%2Cheadshot_url%2Cphoto_url&limit=5000:0
[    2454ms] [ERROR] Failed to load resource: the server responded with a status of 400 () @ https://zohtixrgskbzosgfluni.supabase.co/rest/v1/eg_players?select=id%2Cfirst_name%2Clast_name%2Cteam_id%2Cheadshot_url%2Cphoto_url&limit=5000:0
[    2470ms] [ERROR] Failed to load resource: the server responded with a status of 400 () @ https://zohtixrgskbzosgfluni.supabase.co/rest/v1/eg_players?select=id%2Cfirst_name%2Clast_name%2Cposition%2Cnumber%2Cheadshot_url%2Cphoto_url&limit=5000:0
[    2512ms] [ERROR] Failed to load resource: the server responded with a status of 400 () @ https://zohtixrgskbzosgfluni.supabase.co/rest/v1/eg_players?select=id%2Cfirst_name%2Clast_name%2Cheadshot_url%2Cphoto_url&limit=5000:0
[    2524ms] [ERROR] Failed to load resource: the server responded with a status of 400 () @ https://zohtixrgskbzosgfluni.supabase.co/rest/v1/eg_players?select=id%2Cfirst_name%2Clast_name%2Cteam_id%2Cheadshot_url%2Cphoto_url&limit=5000:0
[    2539ms] [ERROR] Failed to load resource: the server responded with a status of 400 () @ https://zohtixrgskbzosgfluni.supabase.co/rest/v1/eg_players?select=id%2Cfirst_name%2Clast_name%2Cposition%2Cnumber%2Cheadshot_url%2Cphoto_url&limit=5000:0
[    2577ms] [ERROR] Failed to load resource: the server responded with a status of 400 () @ https://zohtixrgskbzosgfluni.supabase.co/rest/v1/eg_players?select=id%2Cfirst_name%2Clast_name%2Cheadshot_url%2Cphoto_url&limit=5000:0
[    2606ms] [ERROR] Failed to load resource: the server responded with a status of 400 () @ https://zohtixrgskbzosgfluni.supabase.co/rest/v1/eg_players?select=id%2Cfirst_name%2Clast_name%2Cposition%2Cnumber%2Cheadshot_url%2Cphoto_url&limit=5000:0
[    2653ms] [ERROR] Failed to load resource: the server responded with a status of 400 () @ https://zohtixrgskbzosgfluni.supabase.co/rest/v1/eg_players?select=id%2Cfirst_name%2Clast_name%2Cheadshot_url%2Cphoto_url&limit=5000:0
[    2673ms] [ERROR] Failed to load resource: the server responded with a status of 400 () @ https://zohtixrgskbzosgfluni.supabase.co/rest/v1/eg_players?select=id%2Cfirst_name%2Clast_name%2Cposition%2Cnumber%2Cheadshot_url%2Cphoto_url&limit=5000:0
[    2680ms] [ERROR] Failed to load resource: the server responded with a status of 400 () @ https://zohtixrgskbzosgfluni.supabase.co/rest/v1/eg_players?select=id%2Cfirst_name%2Clast_name%2Cteam_id%2Cposition%2Cnumber%2Cheadshot_url%2Cphoto_url&limit=5000:0
[    2725ms] [ERROR] Failed to load resource: the server responded with a status of 400 () @ https://zohtixrgskbzosgfluni.supabase.co/rest/v1/eg_players?select=id%2Cfirst_name%2Clast_name%2Cheadshot_url%2Cphoto_url&limit=5000:0
[    2745ms] [ERROR] Failed to load resource: the server responded with a status of 400 () @ https://zohtixrgskbzosgfluni.supabase.co/rest/v1/eg_players?select=id%2Cfirst_name%2Clast_name%2Cposition%2Cnumber%2Cheadshot_url%2Cphoto_url&limit=5000:0
[    2747ms] [ERROR] Failed to load resource: the server responded with a status of 400 () @ https://zohtixrgskbzosgfluni.supabase.co/rest/v1/eg_players?select=id%2Cfirst_name%2Clast_name%2Cteam_id%2Cheadshot_url%2Cphoto_url&limit=5000:0
[    2765ms] [ERROR] Failed to load resource: the server responded with a status of 400 () @ https://zohtixrgskbzosgfluni.supabase.co/rest/v1/eg_players?select=id%2Cfirst_name%2Clast_name%2Cteam_id%2Cposition%2Cnumber%2Cheadshot_url%2Cphoto_url&limit=5000:0
[    2803ms] [ERROR] Failed to load resource: the server responded with a status of 400 () @ https://zohtixrgskbzosgfluni.supabase.co/rest/v1/eg_players?select=id%2Cfirst_name%2Clast_name%2Cheadshot_url%2Cphoto_url&limit=5000:0
[    2809ms] [ERROR] Failed to load resource: the server responded with a status of 400 () @ https://zohtixrgskbzosgfluni.supabase.co/rest/v1/eg_players?select=id%2Cfirst_name%2Clast_name%2Cposition%2Cnumber%2Cheadshot_url%2Cphoto_url&limit=5000:0
[    2829ms] [ERROR] Failed to load resource: the server responded with a status of 400 () @ https://zohtixrgskbzosgfluni.supabase.co/rest/v1/eg_players?select=id%2Cfirst_name%2Clast_name%2Cteam_id%2Cheadshot_url%2Cphoto_url&limit=5000:0
[    2865ms] [ERROR] Failed to load resource: the server responded with a status of 400 () @ https://zohtixrgskbzosgfluni.supabase.co/rest/v1/eg_players?select=id%2Cfirst_name%2Clast_name%2Cheadshot_url%2Cphoto_url&limit=5000:0
[    2935ms] [ERROR] Failed to load resource: the server responded with a status of 400 () @ https://zohtixrgskbzosgfluni.supabase.co/rest/v1/eg_players?select=id%2Cfirst_name%2Clast_name%2Cheadshot_url%2Cphoto_url&limit=5000:0
[    2944ms] [ERROR] Failed to load resource: the server responded with a status of 400 () @ https://zohtixrgskbzosgfluni.supabase.co/rest/v1/eg_players?select=id%2Cfirst_name%2Clast_name%2Cposition%2Cnumber%2Cheadshot_url%2Cphoto_url&limit=5000:0
[    3009ms] [ERROR] Failed to load resource: the server responded with a status of 400 () @ https://zohtixrgskbzosgfluni.supabase.co/rest/v1/eg_players?select=id%2Cfirst_name%2Clast_name%2Cheadshot_url%2Cphoto_url&limit=5000:0
[    3060ms] [ERROR] Failed to load resource: the server responded with a status of 400 () @ https://zohtixrgskbzosgfluni.supabase.co/rest/v1/eg_players?select=id%2Cfirst_name%2Clast_name%2Cposition%2Cnumber%2Cheadshot_url%2Cphoto_url&limit=5000:0
[    3139ms] [ERROR] Failed to load resource: the server responded with a status of 400 () @ https://zohtixrgskbzosgfluni.supabase.co/rest/v1/eg_players?select=id%2Cfirst_name%2Clast_name%2Cheadshot_url%2Cphoto_url&limit=5000:0
[  116858ms] [ERROR] Failed to load resource: the server responded with a status of 400 () @ https://zohtixrgskbzosgfluni.supabase.co/rest/v1/eg_players?select=id%2Cfirst_name%2Clast_name%2Cheadshot_url%2Cphoto_url&limit=1:0
